# JRE version: Java(TM) SE Runtime Environment 18.9 (11.0.10+8) (build 11.0.10+8-LTS-162)
# Java VM: Java HotSpot(TM) 64-Bit Server VM 18.9 (11.0.10+8-LTS-162, mixed mode, tiered, compressed oops, g1 gc, windows-amd64)
Heap:
 garbage-first heap   total 483328K, used 148509K [0x0000000080000000, 0x0000000100000000)
  region size 1024K, 4 young (4096K), 4 survivors (4096K)
 Metaspace       used 94119K, capacity 96717K, committed 97232K, reserved 1134592K
  class space    used 11955K, capacity 12898K, committed 13184K, reserved 1048576K
GC Heap History (10 events):
Event: 65.705 GC heap after
{Heap after GC invocations=37 (full 0):
 garbage-first heap   total 187392K, used 142397K [0x0000000080000000, 0x0000000100000000)
  region size 1024K, 2 young (2048K), 2 survivors (2048K)
 Metaspace       used 93263K, capacity 95836K, committed 96336K, reserved 1132544K
  class space    used 11929K, capacity 12849K, committed 13056K, reserved 1048576K
}
Event: 65.761 GC heap before
{Heap before GC invocations=37 (full 0):
 garbage-first heap   total 187392K, used 158781K [0x0000000080000000, 0x0000000100000000)
  region size 1024K, 17 young (17408K), 2 survivors (2048K)
 Metaspace       used 93400K, capacity 95917K, committed 96336K, reserved 1132544K
  class space    used 11932K, capacity 12851K, committed 13056K, reserved 1048576K
}
Event: 65.767 GC heap after
{Heap after GC invocations=38 (full 0):
 garbage-first heap   total 275456K, used 144307K [0x0000000080000000, 0x0000000100000000)
  region size 1024K, 2 young (2048K), 2 survivors (2048K)
 Metaspace       used 93400K, capacity 95917K, committed 96336K, reserved 1132544K
  class space    used 11932K, capacity 12851K, committed 13056K, reserved 1048576K
}
Event: 66.037 GC heap before
{Heap before GC invocations=39 (full 0):
 garbage-first heap   total 275456K, used 200627K [0x0000000080000000, 0x0000000100000000)
  region size 1024K, 57 young (58368K), 2 survivors (2048K)
 Metaspace       used 93737K, capacity 96237K, committed 96848K, reserved 1132544K
  class space    used 11937K, capacity 12850K, committed 13056K, reserved 1048576K
}
Event: 66.044 GC heap after
{Heap after GC invocations=40 (full 0):
 garbage-first heap   total 275456K, used 147743K [0x0000000080000000, 0x0000000100000000)
  region size 1024K, 5 young (5120K), 5 survivors (5120K)
 Metaspace       used 93737K, capacity 96237K, committed 96848K, reserved 1132544K
  class space    used 11937K, capacity 12850K, committed 13056K, reserved 1048576K
}
Event: 66.067 GC heap before
{Heap before GC invocations=40 (full 0):
 garbage-first heap   total 275456K, used 155935K [0x0000000080000000, 0x0000000100000000)
  region size 1024K, 13 young (13312K), 5 survivors (5120K)
 Metaspace       used 93738K, capacity 96237K, committed 96848K, reserved 1132544K
  class space    used 11937K, capacity 12850K, committed 13056K, reserved 1048576K
}
Event: 66.076 GC heap after
{Heap after GC invocations=41 (full 0):
 garbage-first heap   total 275456K, used 140532K [0x0000000080000000, 0x0000000100000000)
  region size 1024K, 2 young (2048K), 2 survivors (2048K)
 Metaspace       used 93738K, capacity 96237K, committed 96848K, reserved 1132544K
  class space    used 11937K, capacity 12850K, committed 13056K, reserved 1048576K
}
Event: 66.236 GC heap before
{Heap before GC invocations=41 (full 0):
 garbage-first heap   total 275456K, used 202996K [0x0000000080000000, 0x0000000100000000)
  region size 1024K, 63 young (64512K), 2 survivors (2048K)
 Metaspace       used 93802K, capacity 96380K, committed 96976K, reserved 1132544K
  class space    used 11954K, capacity 12898K, committed 13184K, reserved 1048576K
}
Event: 66.241 GC heap after
{Heap after GC invocations=42 (full 0):
 garbage-first heap   total 275456K, used 145324K [0x0000000080000000, 0x0000000100000000)
  region size 1024K, 5 young (5120K), 5 survivors (5120K)
 Metaspace       used 93802K, capacity 96380K, committed 96976K, reserved 1132544K
  class space    used 11954K, capacity 12898K, committed 13184K, reserved 1048576K
}
Event: 66.485 GC heap before
{Heap before GC invocations=42 (full 0):
 garbage-first heap   total 275456K, used 212908K [0x0000000080000000, 0x0000000100000000)
  region size 1024K, 68 young (69632K), 5 survivors (5120K)
 Metaspace       used 94119K, capacity 96717K, committed 97232K, reserved 1134592K
  class space    used 11955K, capacity 12898K, committed 13184K, reserved 1048576K
}

