# JRE version: Java(TM) SE Runtime Environment 18.9 (11.0.10+8) (build 11.0.10+8-LTS-162)
# Java VM: Java HotSpot(TM) 64-Bit Server VM 18.9 (11.0.10+8-LTS-162, mixed mode, tiered, compressed oops, g1 gc, windows-amd64)
Heap:
 garbage-first heap   total 337920K, used 203637K [0x0000000080000000, 0x0000000100000000)
  region size 1024K, 3 young (3072K), 3 survivors (3072K)
 Metaspace       used 136623K, capacity 139519K, committed 139688K, reserved 1171456K
  class space    used 17114K, capacity 18161K, committed 18252K, reserved 1048576K
GC Heap History (10 events):
Event: 22.466 GC heap after
{Heap after GC invocations=52 (full 0):
 garbage-first heap   total 187392K, used 126597K [0x0000000080000000, 0x0000000100000000)
  region size 1024K, 1 young (1024K), 1 survivors (1024K)
 Metaspace       used 135319K, capacity 138174K, committed 138536K, reserved 1169408K
  class space    used 16957K, capacity 18000K, committed 18124K, reserved 1048576K
}
Event: 22.727 GC heap before
{Heap before GC invocations=53 (full 0):
 garbage-first heap   total 187392K, used 152197K [0x0000000080000000, 0x0000000100000000)
  region size 1024K, 30 young (30720K), 1 survivors (1024K)
 Metaspace       used 135372K, capacity 138238K, committed 138536K, reserved 1169408K
  class space    used 16959K, capacity 18000K, committed 18124K, reserved 1048576K
}
Event: 22.728 GC heap after
{Heap after GC invocations=54 (full 0):
 garbage-first heap   total 187392K, used 120246K [0x0000000080000000, 0x0000000100000000)
  region size 1024K, 1 young (1024K), 1 survivors (1024K)
 Metaspace       used 135372K, capacity 138238K, committed 138536K, reserved 1169408K
  class space    used 16959K, capacity 18000K, committed 18124K, reserved 1048576K
}
Event: 22.772 GC heap before
{Heap before GC invocations=54 (full 0):
 garbage-first heap   total 187392K, used 128438K [0x0000000080000000, 0x0000000100000000)
  region size 1024K, 9 young (9216K), 1 survivors (1024K)
 Metaspace       used 135436K, capacity 138305K, committed 138536K, reserved 1169408K
  class space    used 16964K, capacity 18001K, committed 18124K, reserved 1048576K
}
Event: 22.774 GC heap after
{Heap after GC invocations=55 (full 0):
 garbage-first heap   total 187392K, used 112618K [0x0000000080000000, 0x0000000100000000)
  region size 1024K, 1 young (1024K), 1 survivors (1024K)
 Metaspace       used 135436K, capacity 138305K, committed 138536K, reserved 1169408K
  class space    used 16964K, capacity 18001K, committed 18124K, reserved 1048576K
}
Event: 22.813 GC heap before
{Heap before GC invocations=55 (full 0):
 garbage-first heap   total 187392K, used 118762K [0x0000000080000000, 0x0000000100000000)
  region size 1024K, 8 young (8192K), 1 survivors (1024K)
 Metaspace       used 135537K, capacity 138369K, committed 138536K, reserved 1169408K
  class space    used 16965K, capacity 18001K, committed 18124K, reserved 1048576K
}
Event: 22.814 GC heap after
{Heap after GC invocations=56 (full 0):
 garbage-first heap   total 187392K, used 112897K [0x0000000080000000, 0x0000000100000000)
  region size 1024K, 1 young (1024K), 1 survivors (1024K)
 Metaspace       used 135537K, capacity 138369K, committed 138536K, reserved 1169408K
  class space    used 16965K, capacity 18001K, committed 18124K, reserved 1048576K
}
Event: 23.444 GC heap before
{Heap before GC invocations=57 (full 0):
 garbage-first heap   total 187392K, used 130305K [0x0000000080000000, 0x0000000100000000)
  region size 1024K, 18 young (18432K), 1 survivors (1024K)
 Metaspace       used 136595K, capacity 139519K, committed 139688K, reserved 1171456K
  class space    used 17114K, capacity 18161K, committed 18252K, reserved 1048576K
}
Event: 23.448 GC heap after
{Heap after GC invocations=58 (full 0):
 garbage-first heap   total 187392K, used 114946K [0x0000000080000000, 0x0000000100000000)
  region size 1024K, 3 young (3072K), 3 survivors (3072K)
 Metaspace       used 136595K, capacity 139519K, committed 139688K, reserved 1171456K
  class space    used 17114K, capacity 18161K, committed 18252K, reserved 1048576K
}
Event: 23.596 GC heap before
{Heap before GC invocations=58 (full 0):
 garbage-first heap   total 278528K, used 276738K [0x0000000080000000, 0x0000000100000000)
  region size 1024K, 14 young (14336K), 3 survivors (3072K)
 Metaspace       used 136623K, capacity 139519K, committed 139688K, reserved 1171456K
  class space    used 17114K, capacity 18161K, committed 18252K, reserved 1048576K
}

