# JRE version: Java(TM) SE Runtime Environment 18.9 (11.0.10+8) (build 11.0.10+8-LTS-162)
# Java VM: Java HotSpot(TM) 64-Bit Server VM 18.9 (11.0.10+8-LTS-162, mixed mode, tiered, compressed oops, g1 gc, windows-amd64)
Heap:
 garbage-first heap   total 585728K, used 150387K [0x0000000080000000, 0x0000000100000000)
  region size 1024K, 3 young (3072K), 3 survivors (3072K)
 Metaspace       used 102314K, capacity 105286K, committed 105520K, reserved 1140736K
  class space    used 12944K, capacity 14033K, committed 14208K, reserved 1048576K
GC Heap History (10 events):
Event: 98.323 GC heap after
{Heap after GC invocations=49 (full 0):
 garbage-first heap   total 155648K, used 141535K [0x0000000080000000, 0x0000000100000000)
  region size 1024K, 1 young (1024K), 1 survivors (1024K)
 Metaspace       used 98464K, capacity 101205K, committed 101552K, reserved 1136640K
  class space    used 12552K, capacity 13528K, committed 13568K, reserved 1048576K
}
Event: 98.359 GC heap before
{Heap before GC invocations=50 (full 0):
 garbage-first heap   total 155648K, used 147679K [0x0000000080000000, 0x0000000100000000)
  region size 1024K, 7 young (7168K), 1 survivors (1024K)
 Metaspace       used 98841K, capacity 101585K, committed 101936K, reserved 1138688K
  class space    used 12617K, capacity 13614K, committed 13696K, reserved 1048576K
}
Event: 98.368 GC heap after
{Heap after GC invocations=51 (full 0):
 garbage-first heap   total 292864K, used 144054K [0x0000000080000000, 0x0000000100000000)
  region size 1024K, 1 young (1024K), 1 survivors (1024K)
 Metaspace       used 98841K, capacity 101585K, committed 101936K, reserved 1138688K
  class space    used 12617K, capacity 13614K, committed 13696K, reserved 1048576K
}
Event: 98.436 GC heap before
{Heap before GC invocations=51 (full 0):
 garbage-first heap   total 292864K, used 156342K [0x0000000080000000, 0x0000000100000000)
  region size 1024K, 14 young (14336K), 1 survivors (1024K)
 Metaspace       used 100055K, capacity 102974K, committed 103088K, reserved 1138688K
  class space    used 12773K, capacity 13824K, committed 13824K, reserved 1048576K
}
Event: 98.440 GC heap after
{Heap after GC invocations=52 (full 0):
 garbage-first heap   total 292864K, used 145916K [0x0000000080000000, 0x0000000100000000)
  region size 1024K, 2 young (2048K), 2 survivors (2048K)
 Metaspace       used 100055K, capacity 102974K, committed 103088K, reserved 1138688K
  class space    used 12773K, capacity 13824K, committed 13824K, reserved 1048576K
}
Event: 98.640 GC heap before
{Heap before GC invocations=52 (full 0):
 garbage-first heap   total 292864K, used 187900K [0x0000000080000000, 0x0000000100000000)
  region size 1024K, 43 young (44032K), 2 survivors (2048K)
 Metaspace       used 101028K, capacity 103974K, committed 104240K, reserved 1140736K
  class space    used 12863K, capacity 13939K, committed 13952K, reserved 1048576K
}
Event: 98.646 GC heap after
{Heap after GC invocations=53 (full 0):
 garbage-first heap   total 292864K, used 148695K [0x0000000080000000, 0x0000000100000000)
  region size 1024K, 5 young (5120K), 5 survivors (5120K)
 Metaspace       used 101028K, capacity 103974K, committed 104240K, reserved 1140736K
  class space    used 12863K, capacity 13939K, committed 13952K, reserved 1048576K
}
Event: 98.717 GC heap before
{Heap before GC invocations=53 (full 0):
 garbage-first heap   total 292864K, used 171223K [0x0000000080000000, 0x0000000100000000)
  region size 1024K, 29 young (29696K), 5 survivors (5120K)
 Metaspace       used 101443K, capacity 104453K, committed 104624K, reserved 1140736K
  class space    used 12910K, capacity 13990K, committed 14080K, reserved 1048576K
}
Event: 98.724 GC heap after
{Heap after GC invocations=54 (full 0):
 garbage-first heap   total 292864K, used 152054K [0x0000000080000000, 0x0000000100000000)
  region size 1024K, 7 young (7168K), 7 survivors (7168K)
 Metaspace       used 101443K, capacity 104453K, committed 104624K, reserved 1140736K
  class space    used 12910K, capacity 13990K, committed 14080K, reserved 1048576K
}
Event: 99.039 GC heap before
{Heap before GC invocations=55 (full 0):
 garbage-first heap   total 292864K, used 199158K [0x0000000080000000, 0x0000000100000000)
  region size 1024K, 54 young (55296K), 7 survivors (7168K)
 Metaspace       used 102314K, capacity 105286K, committed 105520K, reserved 1140736K
  class space    used 12944K, capacity 14033K, committed 14208K, reserved 1048576K
}

